Started GET "/" for 127.0.0.1 at 2023-02-08 11:41:25 -0300
  [1m[36mActiveRecord::SchemaMigration Pluck (51.2ms)[0m  [1m[34mSELECT "schema_migrations"."version" FROM "schema_migrations" ORDER BY "schema_migrations"."version" ASC[0m
Processing by Devise::SessionsController#new as HTML
[Devise] Could not find devise mapping for path "/".
This may happen for two reasons:

1) You forgot to wrap your route inside the scope block. For example:

  devise_scope :user do
    get "/some/route" => "some_devise_controller"
  end

2) You are testing a Devise controller bypassing the router.
   If so, you can explicitly tell Devise which mapping to use:

   @request.env["devise.mapping"] = Devise.mappings[:user]


Completed 404 Not Found in 4ms (ActiveRecord: 0.0ms | Allocations: 833)


  
AbstractController::ActionNotFound (Could not find devise mapping for path "/".
This may happen for two reasons:

1) You forgot to wrap your route inside the scope block. For example:

  devise_scope :user do
    get "/some/route" => "some_devise_controller"
  end

2) You are testing a Devise controller bypassing the router.
   If so, you can explicitly tell Devise which mapping to use:

   @request.env["devise.mapping"] = Devise.mappings[:user]

):
  
devise (4.8.1) app/controllers/devise_controller.rb:90:in `unknown_action!'
devise (4.8.1) app/controllers/devise_controller.rb:65:in `assert_is_devise_resource!'
devise (4.8.1) app/controllers/devise_controller.rb:103:in `require_no_authentication'
activesupport (7.0.4.2) lib/active_support/callbacks.rb:400:in `block in make_lambda'
activesupport (7.0.4.2) lib/active_support/callbacks.rb:180:in `block (2 levels) in halting_and_conditional'
actionpack (7.0.4.2) lib/abstract_controller/callbacks.rb:34:in `block (2 levels) in <module:Callbacks>'
activesupport (7.0.4.2) lib/active_support/callbacks.rb:181:in `block in halting_and_conditional'
activesupport (7.0.4.2) lib/active_support/callbacks.rb:595:in `block in invoke_before'
activesupport (7.0.4.2) lib/active_support/callbacks.rb:595:in `each'
activesupport (7.0.4.2) lib/active_support/callbacks.rb:595:in `invoke_before'
activesupport (7.0.4.2) lib/active_support/callbacks.rb:116:in `block in run_callbacks'
activesupport (7.0.4.2) lib/active_support/callbacks.rb:138:in `run_callbacks'
actionpack (7.0.4.2) lib/abstract_controller/callbacks.rb:233:in `process_action'
actionpack (7.0.4.2) lib/action_controller/metal/rescue.rb:22:in `process_action'
actionpack (7.0.4.2) lib/action_controller/metal/instrumentation.rb:67:in `block in process_action'
activesupport (7.0.4.2) lib/active_support/notifications.rb:206:in `block in instrument'
activesupport (7.0.4.2) lib/active_support/notifications/instrumenter.rb:24:in `instrument'
activesupport (7.0.4.2) lib/active_support/notifications.rb:206:in `instrument'
actionpack (7.0.4.2) lib/action_controller/metal/instrumentation.rb:66:in `process_action'
actionpack (7.0.4.2) lib/action_controller/metal/params_wrapper.rb:259:in `process_action'
activerecord (7.0.4.2) lib/active_record/railties/controller_runtime.rb:27:in `process_action'
actionpack (7.0.4.2) lib/abstract_controller/base.rb:151:in `process'
actionview (7.0.4.2) lib/action_view/rendering.rb:39:in `process'
actionpack (7.0.4.2) lib/action_controller/metal.rb:188:in `dispatch'
actionpack (7.0.4.2) lib/action_controller/metal.rb:251:in `dispatch'
actionpack (7.0.4.2) lib/action_dispatch/routing/route_set.rb:49:in `dispatch'
actionpack (7.0.4.2) lib/action_dispatch/routing/route_set.rb:32:in `serve'
actionpack (7.0.4.2) lib/action_dispatch/journey/router.rb:50:in `block in serve'
actionpack (7.0.4.2) lib/action_dispatch/journey/router.rb:32:in `each'
actionpack (7.0.4.2) lib/action_dispatch/journey/router.rb:32:in `serve'
actionpack (7.0.4.2) lib/action_dispatch/routing/route_set.rb:852:in `call'
warden (1.2.9) lib/warden/manager.rb:36:in `block in call'
warden (1.2.9) lib/warden/manager.rb:34:in `catch'
warden (1.2.9) lib/warden/manager.rb:34:in `call'
rack (2.2.6.2) lib/rack/tempfile_reaper.rb:15:in `call'
rack (2.2.6.2) lib/rack/etag.rb:27:in `call'
rack (2.2.6.2) lib/rack/conditional_get.rb:27:in `call'
rack (2.2.6.2) lib/rack/head.rb:12:in `call'
actionpack (7.0.4.2) lib/action_dispatch/http/permissions_policy.rb:38:in `call'
actionpack (7.0.4.2) lib/action_dispatch/http/content_security_policy.rb:36:in `call'
rack (2.2.6.2) lib/rack/session/abstract/id.rb:266:in `context'
rack (2.2.6.2) lib/rack/session/abstract/id.rb:260:in `call'
actionpack (7.0.4.2) lib/action_dispatch/middleware/cookies.rb:704:in `call'
activerecord (7.0.4.2) lib/active_record/migration.rb:603:in `call'
actionpack (7.0.4.2) lib/action_dispatch/middleware/callbacks.rb:27:in `block in call'
activesupport (7.0.4.2) lib/active_support/callbacks.rb:99:in `run_callbacks'
actionpack (7.0.4.2) lib/action_dispatch/middleware/callbacks.rb:26:in `call'
actionpack (7.0.4.2) lib/action_dispatch/middleware/executor.rb:14:in `call'
actionpack (7.0.4.2) lib/action_dispatch/middleware/actionable_exceptions.rb:17:in `call'
actionpack (7.0.4.2) lib/action_dispatch/middleware/debug_exceptions.rb:28:in `call'
web-console (4.2.0) lib/web_console/middleware.rb:132:in `call_app'
web-console (4.2.0) lib/web_console/middleware.rb:28:in `block in call'
web-console (4.2.0) lib/web_console/middleware.rb:17:in `catch'
web-console (4.2.0) lib/web_console/middleware.rb:17:in `call'
actionpack (7.0.4.2) lib/action_dispatch/middleware/show_exceptions.rb:26:in `call'
railties (7.0.4.2) lib/rails/rack/logger.rb:40:in `call_app'
railties (7.0.4.2) lib/rails/rack/logger.rb:25:in `block in call'
activesupport (7.0.4.2) lib/active_support/tagged_logging.rb:99:in `block in tagged'
activesupport (7.0.4.2) lib/active_support/tagged_logging.rb:37:in `tagged'
activesupport (7.0.4.2) lib/active_support/tagged_logging.rb:99:in `tagged'
railties (7.0.4.2) lib/rails/rack/logger.rb:25:in `call'
sprockets-rails (3.4.2) lib/sprockets/rails/quiet_assets.rb:13:in `call'
actionpack (7.0.4.2) lib/action_dispatch/middleware/remote_ip.rb:93:in `call'
actionpack (7.0.4.2) lib/action_dispatch/middleware/request_id.rb:26:in `call'
rack (2.2.6.2) lib/rack/method_override.rb:24:in `call'
rack (2.2.6.2) lib/rack/runtime.rb:22:in `call'
activesupport (7.0.4.2) lib/active_support/cache/strategy/local_cache_middleware.rb:29:in `call'
actionpack (7.0.4.2) lib/action_dispatch/middleware/server_timing.rb:61:in `block in call'
actionpack (7.0.4.2) lib/action_dispatch/middleware/server_timing.rb:26:in `collect_events'
actionpack (7.0.4.2) lib/action_dispatch/middleware/server_timing.rb:60:in `call'
actionpack (7.0.4.2) lib/action_dispatch/middleware/executor.rb:14:in `call'
actionpack (7.0.4.2) lib/action_dispatch/middleware/static.rb:23:in `call'
rack (2.2.6.2) lib/rack/sendfile.rb:110:in `call'
actionpack (7.0.4.2) lib/action_dispatch/middleware/host_authorization.rb:137:in `call'
railties (7.0.4.2) lib/rails/engine.rb:530:in `call'
puma (5.6.5) lib/puma/configuration.rb:252:in `call'
puma (5.6.5) lib/puma/request.rb:77:in `block in handle_request'
puma (5.6.5) lib/puma/thread_pool.rb:340:in `with_force_shutdown'
puma (5.6.5) lib/puma/request.rb:76:in `handle_request'
puma (5.6.5) lib/puma/server.rb:443:in `process_client'
puma (5.6.5) lib/puma/thread_pool.rb:147:in `block in spawn_thread'
Started GET "/" for 127.0.0.1 at 2023-02-08 11:41:45 -0300
  
ActionController::RoutingError (uninitialized constant SessionsController

      Object.const_get(camel_cased_word)
            ^^^^^^^^^^

            raise MissingController.new(error.message, error.name)
            ^^^^^):
  
Started GET "/" for 127.0.0.1 at 2023-02-08 11:42:47 -0300
Processing by Devise::SessionsController#new as HTML
  Rendering layout layouts/application.html.erb
  Rendering devise/sessions/new.html.erb within layouts/application
  Rendered devise/shared/_links.html.erb (Duration: 17.9ms | Allocations: 762)
  Rendered devise/sessions/new.html.erb within layouts/application (Duration: 553.5ms | Allocations: 5573)
  Rendered layout layouts/application.html.erb (Duration: 2703.3ms | Allocations: 50524)
Completed 200 OK in 3031ms (Views: 2723.1ms | ActiveRecord: 129.2ms | Allocations: 64576)


Started GET "/" for 127.0.0.1 at 2023-02-08 11:54:15 -0300
  [1m[36mActiveRecord::SchemaMigration Pluck (1.6ms)[0m  [1m[34mSELECT "schema_migrations"."version" FROM "schema_migrations" ORDER BY "schema_migrations"."version" ASC[0m
Processing by UsersController#index as HTML
  Rendering layout layouts/application.html.erb
  Rendering users/index.html.erb within layouts/application
  [1m[36mUser Load (156.1ms)[0m  [1m[34mSELECT "users".* FROM "users"[0m
  ↳ app/views/users/index.html.erb:4
  Rendered users/_user.html.erb (Duration: 4.2ms | Allocations: 190)
  Rendered users/index.html.erb within layouts/application (Duration: 207.2ms | Allocations: 5168)
  Rendered layout layouts/application.html.erb (Duration: 436.9ms | Allocations: 49153)
Completed 200 OK in 466ms (Views: 290.2ms | ActiveRecord: 156.1ms | Allocations: 51539)


Started GET "/foods" for 127.0.0.1 at 2023-02-08 11:54:38 -0300
Processing by FoodsController#index as HTML
  Rendering layout layouts/application.html.erb
  Rendering foods/index.html.erb within layouts/application
  [1m[36mFood Load (43.0ms)[0m  [1m[34mSELECT "foods".* FROM "foods"[0m
  ↳ app/views/foods/_food_table.html.erb:12
  Rendered foods/_food.html.erb (Duration: 4.5ms | Allocations: 535)
  Rendered foods/_food_table.html.erb (Duration: 74.7ms | Allocations: 5291)
  Rendered foods/index.html.erb within layouts/application (Duration: 82.5ms | Allocations: 6083)
  Rendered layout layouts/application.html.erb (Duration: 97.8ms | Allocations: 9444)
Completed 200 OK in 152ms (Views: 53.8ms | ActiveRecord: 52.0ms | Allocations: 11619)


Started GET "/foods/new" for 127.0.0.1 at 2023-02-08 11:54:43 -0300
Processing by FoodsController#new as HTML
  Rendering layout layouts/application.html.erb
  Rendering foods/new.html.erb within layouts/application
  Rendered foods/_form.html.erb (Duration: 32.1ms | Allocations: 3477)
  Rendered foods/new.html.erb within layouts/application (Duration: 39.0ms | Allocations: 3762)
  Rendered layout layouts/application.html.erb (Duration: 55.8ms | Allocations: 7053)
Completed 200 OK in 64ms (Views: 57.5ms | ActiveRecord: 0.0ms | Allocations: 7477)


Started POST "/foods" for 127.0.0.1 at 2023-02-08 11:55:06 -0300
Processing by FoodsController#create as TURBO_STREAM
  Parameters: {"authenticity_token"=>"[FILTERED]", "food"=>{"name"=>"newfood", "measurement_unit"=>"unit", "price"=>"23", "quantity"=>"5", "user_id"=>"1"}, "commit"=>"Create Food"}
  [1m[36mTRANSACTION (6.4ms)[0m  [1m[35mBEGIN[0m
  ↳ app/controllers/foods_controller.rb:8:in `create'
  [1m[36mUser Load (9.2ms)[0m  [1m[34mSELECT "users".* FROM "users" WHERE "users"."id" = $1 LIMIT $2[0m  [["id", 1], ["LIMIT", 1]]
  ↳ app/controllers/foods_controller.rb:8:in `create'
  [1m[36mFood Create (161.6ms)[0m  [1m[32mINSERT INTO "foods" ("created_at", "updated_at", "name", "measurement_unit", "price", "quantity", "user_id") VALUES ($1, $2, $3, $4, $5, $6, $7) RETURNING "id"[0m  [["created_at", "2023-02-08 14:55:06.934557"], ["updated_at", "2023-02-08 14:55:06.934557"], ["name", "newfood"], ["measurement_unit", "unit"], ["price", 23], ["quantity", 5], ["user_id", 1]]
  ↳ app/controllers/foods_controller.rb:8:in `create'
  [1m[36mTRANSACTION (13.3ms)[0m  [1m[35mCOMMIT[0m
  ↳ app/controllers/foods_controller.rb:8:in `create'
Redirected to http://localhost:3000/foods
Completed 302 Found in 310ms (ActiveRecord: 190.9ms | Allocations: 8941)


Started GET "/foods" for 127.0.0.1 at 2023-02-08 11:55:07 -0300
Processing by FoodsController#index as TURBO_STREAM
  Rendering layout layouts/application.html.erb
  Rendering foods/index.html.erb within layouts/application
  [1m[36mFood Load (0.5ms)[0m  [1m[34mSELECT "foods".* FROM "foods"[0m
  ↳ app/views/foods/_food_table.html.erb:12
  Rendered foods/_food.html.erb (Duration: 0.7ms | Allocations: 272)
  Rendered foods/_food.html.erb (Duration: 0.5ms | Allocations: 245)
  Rendered foods/_food_table.html.erb (Duration: 5.8ms | Allocations: 1309)
  Rendered foods/index.html.erb within layouts/application (Duration: 7.4ms | Allocations: 1850)
  Rendered layout layouts/application.html.erb (Duration: 21.5ms | Allocations: 5128)
Completed 200 OK in 27ms (Views: 22.9ms | ActiveRecord: 0.5ms | Allocations: 5508)


Started GET "/users" for 127.0.0.1 at 2023-02-08 11:55:11 -0300
Processing by UsersController#index as HTML
  Rendering layout layouts/application.html.erb
  Rendering users/index.html.erb within layouts/application
  [1m[36mUser Load (0.5ms)[0m  [1m[34mSELECT "users".* FROM "users"[0m
  ↳ app/views/users/index.html.erb:4
  Rendered users/_user.html.erb (Duration: 0.1ms | Allocations: 17)
  Rendered users/index.html.erb within layouts/application (Duration: 4.7ms | Allocations: 1048)
  Rendered layout layouts/application.html.erb (Duration: 19.3ms | Allocations: 4216)
Completed 200 OK in 26ms (Views: 20.7ms | ActiveRecord: 0.5ms | Allocations: 4510)


Started GET "/users/1" for 127.0.0.1 at 2023-02-08 11:55:14 -0300
Processing by UsersController#show as HTML
  Parameters: {"id"=>"1"}
  [1m[36mUser Load (0.6ms)[0m  [1m[34mSELECT "users".* FROM "users" WHERE "users"."id" = $1 LIMIT $2[0m  [["id", 1], ["LIMIT", 1]]
  ↳ app/controllers/users_controller.rb:8:in `show'
  Rendering layout layouts/application.html.erb
  Rendering users/show.html.erb within layouts/application
  Rendered users/_user.html.erb (Duration: 0.1ms | Allocations: 23)
  Rendered users/show.html.erb within layouts/application (Duration: 6.4ms | Allocations: 720)
  Rendered layout layouts/application.html.erb (Duration: 21.7ms | Allocations: 4007)
Completed 200 OK in 99ms (Views: 23.4ms | ActiveRecord: 0.6ms | Allocations: 7516)


Started GET "/" for 127.0.0.1 at 2023-02-08 12:17:29 -0300
  [1m[36mActiveRecord::SchemaMigration Pluck (1.4ms)[0m  [1m[34mSELECT "schema_migrations"."version" FROM "schema_migrations" ORDER BY "schema_migrations"."version" ASC[0m
Processing by RecipesController#public as HTML
  Rendering layout layouts/application.html.erb
  Rendering recipes/public.html.erb within layouts/application
  [1m[36mRecipe Load (60.4ms)[0m  [1m[34mSELECT "recipes".* FROM "recipes" WHERE "recipes"."public" = $1[0m  [["public", true]]
  ↳ app/views/recipes/public.html.erb:2
  [1m[36mRecipeFood Load (111.0ms)[0m  [1m[34mSELECT "recipe_foods".* FROM "recipe_foods" WHERE "recipe_foods"."recipe_id" = $1[0m  [["recipe_id", 2]]
  ↳ app/views/recipes/public.html.erb:2
  [1m[36mUser Load (1.8ms)[0m  [1m[34mSELECT "users".* FROM "users" WHERE "users"."id" = $1[0m  [["id", 1]]
  ↳ app/views/recipes/public.html.erb:2
  [1m[36mCACHE RecipeFood Load (0.0ms)[0m  [1m[34mSELECT "recipe_foods".* FROM "recipe_foods" WHERE "recipe_foods"."recipe_id" = $1[0m  [["recipe_id", 2]]
  ↳ app/models/recipe.rb:17:in `total_items'
  [1m[36mCACHE RecipeFood Load (0.0ms)[0m  [1m[34mSELECT "recipe_foods".* FROM "recipe_foods" WHERE "recipe_foods"."recipe_id" = $1[0m  [["recipe_id", 2]]
  ↳ app/models/recipe.rb:8:in `total_price'
  Rendered recipes/public.html.erb within layouts/application (Duration: 278.7ms | Allocations: 14557)
  Rendered layout layouts/application.html.erb (Duration: 339.1ms | Allocations: 32439)
Completed 200 OK in 378ms (Views: 168.5ms | ActiveRecord: 187.3ms | Allocations: 35349)


Started GET "/users/sign_up" for 127.0.0.1 at 2023-02-08 12:17:44 -0300
Processing by Devise::RegistrationsController#new as HTML
  Rendering layout layouts/application.html.erb
  Rendering devise/registrations/new.html.erb within layouts/application
  Rendered devise/shared/_error_messages.html.erb (Duration: 0.8ms | Allocations: 199)
  Rendered devise/shared/_links.html.erb (Duration: 1.9ms | Allocations: 578)
  Rendered devise/registrations/new.html.erb within layouts/application (Duration: 36.0ms | Allocations: 4061)
  Rendered layout layouts/application.html.erb (Duration: 62.8ms | Allocations: 8424)
Completed 200 OK in 103ms (Views: 95.5ms | ActiveRecord: 0.0ms | Allocations: 9872)


Started GET "/users/sign_up" for 127.0.0.1 at 2023-02-08 12:18:05 -0300
Processing by Devise::RegistrationsController#new as */*
  Rendering layout layouts/application.html.erb
  Rendering devise/registrations/new.html.erb within layouts/application
  Rendered devise/shared/_error_messages.html.erb (Duration: 0.0ms | Allocations: 14)
  Rendered devise/shared/_links.html.erb (Duration: 0.4ms | Allocations: 132)
  Rendered devise/registrations/new.html.erb within layouts/application (Duration: 4.6ms | Allocations: 1504)
  Rendered layout layouts/application.html.erb (Duration: 27.7ms | Allocations: 5628)
Completed 200 OK in 34ms (Views: 29.2ms | ActiveRecord: 0.0ms | Allocations: 6164)


Started POST "/users" for 127.0.0.1 at 2023-02-08 12:18:26 -0300
Processing by Devise::RegistrationsController#create as TURBO_STREAM
  Parameters: {"authenticity_token"=>"[FILTERED]", "user"=>{"email"=>"newuser2@user.com", "name"=>"newuser2", "password"=>"[FILTERED]", "password_confirmation"=>"[FILTERED]"}, "commit"=>"Sign up"}
[31mUnpermitted parameter: :name. Context: { controller: Devise::RegistrationsController, action: create, request: #<ActionDispatch::Request:0x0000020eef7fa788>, params: {"authenticity_token"=>"[FILTERED]", "user"=>{"email"=>"newuser2@user.com", "name"=>"newuser2", "password"=>"[FILTERED]", "password_confirmation"=>"[FILTERED]"}, "commit"=>"Sign up", "controller"=>"devise/registrations", "action"=>"create"} }[0m
  [1m[36mTRANSACTION (0.3ms)[0m  [1m[35mBEGIN[0m
  [1m[36mUser Exists? (35.8ms)[0m  [1m[34mSELECT 1 AS one FROM "users" WHERE "users"."email" = $1 LIMIT $2[0m  [["email", "newuser2@user.com"], ["LIMIT", 1]]
  [1m[36mUser Create (17.2ms)[0m  [1m[32mINSERT INTO "users" ("created_at", "updated_at", "name", "email", "encrypted_password", "reset_password_token", "reset_password_sent_at", "remember_created_at", "confirmation_token", "confirmed_at", "confirmation_sent_at", "unconfirmed_email") VALUES ($1, $2, $3, $4, $5, $6, $7, $8, $9, $10, $11, $12) RETURNING "id"[0m  [["created_at", "2023-02-08 15:18:27.106013"], ["updated_at", "2023-02-08 15:18:27.106013"], ["name", nil], ["email", "newuser2@user.com"], ["encrypted_password", "[FILTERED]"], ["reset_password_token", "[FILTERED]"], ["reset_password_sent_at", "[FILTERED]"], ["remember_created_at", nil], ["confirmation_token", "[FILTERED]"], ["confirmed_at", nil], ["confirmation_sent_at", "2023-02-08 15:18:27.106194"], ["unconfirmed_email", nil]]
  [1m[36mTRANSACTION (36.0ms)[0m  [1m[35mCOMMIT[0m
  Rendering devise/mailer/confirmation_instructions.html.erb
  Rendered devise/mailer/confirmation_instructions.html.erb (Duration: 1.8ms | Allocations: 352)
Devise::Mailer#confirmation_instructions: processed outbound mail in 86.9ms
Delivered mail 63e3bd441661f_22043a84796d9@DESKTOP-BAQ6EFM.mail (1124.8ms)
Date: Wed, 08 Feb 2023 12:18:28 -0300
From: please-change-me-at-config-initializers-devise@example.com
Reply-To: please-change-me-at-config-initializers-devise@example.com
To: newuser2@user.com
Message-ID: <63e3bd441661f_22043a84796d9@DESKTOP-BAQ6EFM.mail>
Subject: Confirmation instructions
Mime-Version: 1.0
Content-Type: text/html;
 charset=UTF-8
Content-Transfer-Encoding: 7bit

<p>Welcome newuser2@user.com!</p>

<p>You can confirm your account email through the link below:</p>

<p><a href="http://localhost:3000/users/confirmation?confirmation_token=znQK5dnnn2gqM21SW3Ux">Confirm my account</a></p>

Redirected to http://localhost:3000/
Completed 302 Found in 2660ms (ActiveRecord: 89.3ms | Allocations: 44669)


Started GET "/" for 127.0.0.1 at 2023-02-08 12:18:29 -0300
Processing by RecipesController#public as TURBO_STREAM
  Rendering layout layouts/application.html.erb
  Rendering recipes/public.html.erb within layouts/application
  [1m[36mRecipe Load (0.5ms)[0m  [1m[34mSELECT "recipes".* FROM "recipes" WHERE "recipes"."public" = $1[0m  [["public", true]]
  ↳ app/views/recipes/public.html.erb:2
  [1m[36mRecipeFood Load (0.6ms)[0m  [1m[34mSELECT "recipe_foods".* FROM "recipe_foods" WHERE "recipe_foods"."recipe_id" = $1[0m  [["recipe_id", 2]]
  ↳ app/views/recipes/public.html.erb:2
  [1m[36mUser Load (0.7ms)[0m  [1m[34mSELECT "users".* FROM "users" WHERE "users"."id" = $1[0m  [["id", 1]]
  ↳ app/views/recipes/public.html.erb:2
  [1m[36mCACHE RecipeFood Load (0.0ms)[0m  [1m[34mSELECT "recipe_foods".* FROM "recipe_foods" WHERE "recipe_foods"."recipe_id" = $1[0m  [["recipe_id", 2]]
  ↳ app/models/recipe.rb:17:in `total_items'
  [1m[36mCACHE RecipeFood Load (0.0ms)[0m  [1m[34mSELECT "recipe_foods".* FROM "recipe_foods" WHERE "recipe_foods"."recipe_id" = $1[0m  [["recipe_id", 2]]
  ↳ app/models/recipe.rb:8:in `total_price'
  Rendered recipes/public.html.erb within layouts/application (Duration: 16.3ms | Allocations: 3721)
  Rendered layout layouts/application.html.erb (Duration: 45.7ms | Allocations: 8280)
Completed 200 OK in 52ms (Views: 45.4ms | ActiveRecord: 1.8ms | Allocations: 8695)


Started GET "/users/confirmation?confirmation_token=[FILTERED]" for 127.0.0.1 at 2023-02-08 12:18:32 -0300
Processing by Devise::ConfirmationsController#show as HTML
  Parameters: {"confirmation_token"=>"[FILTERED]"}
  [1m[36mUser Load (0.5ms)[0m  [1m[34mSELECT "users".* FROM "users" WHERE "users"."confirmation_token" = $1 ORDER BY "users"."id" ASC LIMIT $2[0m  [["confirmation_token", "[FILTERED]"], ["LIMIT", 1]]
  [1m[36mTRANSACTION (0.3ms)[0m  [1m[35mBEGIN[0m
  [1m[36mUser Update (119.1ms)[0m  [1m[33mUPDATE "users" SET "updated_at" = $1, "confirmed_at" = $2 WHERE "users"."id" = $3[0m  [["updated_at", "2023-02-08 15:18:33.123122"], ["confirmed_at", "2023-02-08 15:18:33.122475"], ["id", 2]]
  [1m[36mTRANSACTION (0.8ms)[0m  [1m[35mCOMMIT[0m
Redirected to http://localhost:3000/users/sign_in
Completed 302 Found in 159ms (ActiveRecord: 120.7ms | Allocations: 5959)


Started GET "/users/sign_in" for 127.0.0.1 at 2023-02-08 12:18:33 -0300
Processing by Devise::SessionsController#new as HTML
  Rendering layout layouts/application.html.erb
  Rendering devise/sessions/new.html.erb within layouts/application
  Rendered devise/shared/_links.html.erb (Duration: 0.4ms | Allocations: 216)
  Rendered devise/sessions/new.html.erb within layouts/application (Duration: 4.3ms | Allocations: 1842)
  Rendered layout layouts/application.html.erb (Duration: 30.4ms | Allocations: 6195)
Completed 200 OK in 48ms (Views: 42.7ms | ActiveRecord: 0.0ms | Allocations: 7654)


Started POST "/users/sign_in" for 127.0.0.1 at 2023-02-08 12:18:46 -0300
Processing by Devise::SessionsController#create as TURBO_STREAM
  Parameters: {"authenticity_token"=>"[FILTERED]", "user"=>{"email"=>"newuser2@user.com", "password"=>"[FILTERED]", "remember_me"=>"0"}, "commit"=>"Log in"}
  [1m[36mUser Load (0.9ms)[0m  [1m[34mSELECT "users".* FROM "users" WHERE "users"."email" = $1 ORDER BY "users"."id" ASC LIMIT $2[0m  [["email", "newuser2@user.com"], ["LIMIT", 1]]
Completed 401 Unauthorized in 286ms (ActiveRecord: 0.9ms | Allocations: 1934)


Started POST "/users/sign_in" for 127.0.0.1 at 2023-02-08 12:19:00 -0300
Processing by Devise::SessionsController#create as TURBO_STREAM
  Parameters: {"authenticity_token"=>"[FILTERED]", "user"=>{"email"=>"newuser2@user.com", "password"=>"[FILTERED]", "remember_me"=>"0"}, "commit"=>"Log in"}
  [1m[36mUser Load (0.6ms)[0m  [1m[34mSELECT "users".* FROM "users" WHERE "users"."email" = $1 ORDER BY "users"."id" ASC LIMIT $2[0m  [["email", "newuser2@user.com"], ["LIMIT", 1]]
Redirected to http://localhost:3000/
Completed 302 Found in 286ms (ActiveRecord: 0.6ms | Allocations: 2608)


Started GET "/" for 127.0.0.1 at 2023-02-08 12:19:00 -0300
Processing by RecipesController#public as TURBO_STREAM
  Rendering layout layouts/application.html.erb
  Rendering recipes/public.html.erb within layouts/application
  [1m[36mRecipe Load (0.5ms)[0m  [1m[34mSELECT "recipes".* FROM "recipes" WHERE "recipes"."public" = $1[0m  [["public", true]]
  ↳ app/views/recipes/public.html.erb:2
  [1m[36mRecipeFood Load (0.7ms)[0m  [1m[34mSELECT "recipe_foods".* FROM "recipe_foods" WHERE "recipe_foods"."recipe_id" = $1[0m  [["recipe_id", 2]]
  ↳ app/views/recipes/public.html.erb:2
  [1m[36mUser Load (0.7ms)[0m  [1m[34mSELECT "users".* FROM "users" WHERE "users"."id" = $1[0m  [["id", 1]]
  ↳ app/views/recipes/public.html.erb:2
  [1m[36mCACHE RecipeFood Load (0.0ms)[0m  [1m[34mSELECT "recipe_foods".* FROM "recipe_foods" WHERE "recipe_foods"."recipe_id" = $1[0m  [["recipe_id", 2]]
  ↳ app/models/recipe.rb:17:in `total_items'
  [1m[36mCACHE RecipeFood Load (0.0ms)[0m  [1m[34mSELECT "recipe_foods".* FROM "recipe_foods" WHERE "recipe_foods"."recipe_id" = $1[0m  [["recipe_id", 2]]
  ↳ app/models/recipe.rb:8:in `total_price'
  Rendered recipes/public.html.erb within layouts/application (Duration: 15.6ms | Allocations: 3627)
  Rendered layout layouts/application.html.erb (Duration: 36.7ms | Allocations: 8033)
Completed 200 OK in 43ms (Views: 36.2ms | ActiveRecord: 1.9ms | Allocations: 8361)


Started GET "/users/sign_in" for 127.0.0.1 at 2023-02-08 12:19:03 -0300
Processing by Devise::SessionsController#new as HTML
  [1m[36mUser Load (0.4ms)[0m  [1m[34mSELECT "users".* FROM "users" WHERE "users"."id" = $1 ORDER BY "users"."id" ASC LIMIT $2[0m  [["id", 2], ["LIMIT", 1]]
Redirected to http://localhost:3000/
Filter chain halted as :require_no_authentication rendered or redirected
Completed 302 Found in 6ms (ActiveRecord: 0.4ms | Allocations: 1695)


Started GET "/" for 127.0.0.1 at 2023-02-08 12:19:03 -0300
Processing by RecipesController#public as HTML
  Rendering layout layouts/application.html.erb
  Rendering recipes/public.html.erb within layouts/application
  [1m[36mRecipe Load (0.4ms)[0m  [1m[34mSELECT "recipes".* FROM "recipes" WHERE "recipes"."public" = $1[0m  [["public", true]]
  ↳ app/views/recipes/public.html.erb:2
  [1m[36mRecipeFood Load (0.6ms)[0m  [1m[34mSELECT "recipe_foods".* FROM "recipe_foods" WHERE "recipe_foods"."recipe_id" = $1[0m  [["recipe_id", 2]]
  ↳ app/views/recipes/public.html.erb:2
  [1m[36mUser Load (0.6ms)[0m  [1m[34mSELECT "users".* FROM "users" WHERE "users"."id" = $1[0m  [["id", 1]]
  ↳ app/views/recipes/public.html.erb:2
  [1m[36mCACHE RecipeFood Load (0.0ms)[0m  [1m[34mSELECT "recipe_foods".* FROM "recipe_foods" WHERE "recipe_foods"."recipe_id" = $1[0m  [["recipe_id", 2]]
  ↳ app/models/recipe.rb:17:in `total_items'
  [1m[36mCACHE RecipeFood Load (0.0ms)[0m  [1m[34mSELECT "recipe_foods".* FROM "recipe_foods" WHERE "recipe_foods"."recipe_id" = $1[0m  [["recipe_id", 2]]
  ↳ app/models/recipe.rb:8:in `total_price'
  Rendered recipes/public.html.erb within layouts/application (Duration: 14.1ms | Allocations: 3597)
  Rendered layout layouts/application.html.erb (Duration: 35.7ms | Allocations: 7997)
Completed 200 OK in 42ms (Views: 36.0ms | ActiveRecord: 1.6ms | Allocations: 8322)


Started GET "/" for 127.0.0.1 at 2023-02-08 12:19:08 -0300
Processing by RecipesController#public as HTML
  Rendering layout layouts/application.html.erb
  Rendering recipes/public.html.erb within layouts/application
  [1m[36mRecipe Load (0.5ms)[0m  [1m[34mSELECT "recipes".* FROM "recipes" WHERE "recipes"."public" = $1[0m  [["public", true]]
  ↳ app/views/recipes/public.html.erb:2
  [1m[36mRecipeFood Load (0.6ms)[0m  [1m[34mSELECT "recipe_foods".* FROM "recipe_foods" WHERE "recipe_foods"."recipe_id" = $1[0m  [["recipe_id", 2]]
  ↳ app/views/recipes/public.html.erb:2
  [1m[36mUser Load (0.6ms)[0m  [1m[34mSELECT "users".* FROM "users" WHERE "users"."id" = $1[0m  [["id", 1]]
  ↳ app/views/recipes/public.html.erb:2
  [1m[36mCACHE RecipeFood Load (0.0ms)[0m  [1m[34mSELECT "recipe_foods".* FROM "recipe_foods" WHERE "recipe_foods"."recipe_id" = $1[0m  [["recipe_id", 2]]
  ↳ app/models/recipe.rb:17:in `total_items'
  [1m[36mCACHE RecipeFood Load (0.0ms)[0m  [1m[34mSELECT "recipe_foods".* FROM "recipe_foods" WHERE "recipe_foods"."recipe_id" = $1[0m  [["recipe_id", 2]]
  ↳ app/models/recipe.rb:8:in `total_price'
  Rendered recipes/public.html.erb within layouts/application (Duration: 19.9ms | Allocations: 3598)
  Rendered layout layouts/application.html.erb (Duration: 49.1ms | Allocations: 7982)
Completed 200 OK in 56ms (Views: 48.8ms | ActiveRecord: 1.8ms | Allocations: 8305)


Started GET "/recipes/new" for 127.0.0.1 at 2023-02-08 12:19:15 -0300
Processing by RecipesController#new as HTML
  Rendering layout layouts/application.html.erb
  Rendering recipes/new.html.erb within layouts/application
  Rendered recipes/new.html.erb within layouts/application (Duration: 220.2ms | Allocations: 8401)
  Rendered layout layouts/application.html.erb (Duration: 246.1ms | Allocations: 12665)
Completed 200 OK in 255ms (Views: 247.7ms | ActiveRecord: 0.0ms | Allocations: 13058)


Started POST "/recipes" for 127.0.0.1 at 2023-02-08 12:19:31 -0300
Processing by RecipesController#create as TURBO_STREAM
  Parameters: {"authenticity_token"=>"[FILTERED]", "recipe"=>{"name"=>"recipefortestingname", "description"=>"nametester", "preparation_time"=>"1", "cooking_time"=>"1", "public"=>"1"}, "commit"=>"Create Recipe"}
  [1m[36mUser Load (0.6ms)[0m  [1m[34mSELECT "users".* FROM "users" WHERE "users"."id" = $1 ORDER BY "users"."id" ASC LIMIT $2[0m  [["id", 2], ["LIMIT", 1]]
  ↳ app/controllers/recipes_controller.rb:33:in `create'
  [1m[36mTRANSACTION (0.9ms)[0m  [1m[35mBEGIN[0m
  ↳ app/controllers/recipes_controller.rb:34:in `create'
  [1m[36mRecipe Create (10.5ms)[0m  [1m[32mINSERT INTO "recipes" ("created_at", "updated_at", "name", "preparation_time", "cooking_time", "description", "public", "user_id") VALUES ($1, $2, $3, $4, $5, $6, $7, $8) RETURNING "id"[0m  [["created_at", "2023-02-08 15:19:31.129170"], ["updated_at", "2023-02-08 15:19:31.129170"], ["name", "recipefortestingname"], ["preparation_time", "1"], ["cooking_time", "1"], ["description", "nametester"], ["public", true], ["user_id", 2]]
  ↳ app/controllers/recipes_controller.rb:34:in `create'
  [1m[36mTRANSACTION (0.9ms)[0m  [1m[35mCOMMIT[0m
  ↳ app/controllers/recipes_controller.rb:34:in `create'
Redirected to http://localhost:3000/recipes
Completed 302 Found in 33ms (ActiveRecord: 12.9ms | Allocations: 3784)


Started GET "/recipes" for 127.0.0.1 at 2023-02-08 12:19:31 -0300
Processing by RecipesController#index as TURBO_STREAM
  [1m[36mUser Load (0.5ms)[0m  [1m[34mSELECT "users".* FROM "users" WHERE "users"."id" = $1 ORDER BY "users"."id" ASC LIMIT $2[0m  [["id", 2], ["LIMIT", 1]]
  ↳ app/controllers/recipes_controller.rb:3:in `index'
  Rendering layout layouts/application.html.erb
  Rendering recipes/index.html.erb within layouts/application
  [1m[36mRecipe Load (7.4ms)[0m  [1m[34mSELECT "recipes".* FROM "recipes" WHERE "recipes"."user_id" = $1[0m  [["user_id", 2]]
  ↳ app/views/recipes/index.html.erb:2
  Rendered recipes/index.html.erb within layouts/application (Duration: 12.3ms | Allocations: 1182)
  Rendered layout layouts/application.html.erb (Duration: 32.4ms | Allocations: 5309)
Completed 200 OK in 45ms (Views: 26.5ms | ActiveRecord: 7.9ms | Allocations: 6844)


Started GET "/" for 127.0.0.1 at 2023-02-08 12:19:35 -0300
Processing by RecipesController#public as HTML
  Rendering layout layouts/application.html.erb
  Rendering recipes/public.html.erb within layouts/application
  [1m[36mRecipe Load (0.6ms)[0m  [1m[34mSELECT "recipes".* FROM "recipes" WHERE "recipes"."public" = $1[0m  [["public", true]]
  ↳ app/views/recipes/public.html.erb:2
  [1m[36mRecipeFood Load (0.9ms)[0m  [1m[34mSELECT "recipe_foods".* FROM "recipe_foods" WHERE "recipe_foods"."recipe_id" IN ($1, $2)[0m  [["recipe_id", 2], ["recipe_id", 3]]
  ↳ app/views/recipes/public.html.erb:2
  [1m[36mUser Load (0.7ms)[0m  [1m[34mSELECT "users".* FROM "users" WHERE "users"."id" IN ($1, $2)[0m  [["id", 1], ["id", 2]]
  ↳ app/views/recipes/public.html.erb:2
  [1m[36mRecipeFood Load (0.5ms)[0m  [1m[34mSELECT "recipe_foods".* FROM "recipe_foods" WHERE "recipe_foods"."recipe_id" = $1[0m  [["recipe_id", 2]]
  ↳ app/models/recipe.rb:17:in `total_items'
  [1m[36mCACHE RecipeFood Load (0.0ms)[0m  [1m[34mSELECT "recipe_foods".* FROM "recipe_foods" WHERE "recipe_foods"."recipe_id" = $1[0m  [["recipe_id", 2]]
  ↳ app/models/recipe.rb:8:in `total_price'
  [1m[36mRecipeFood Load (0.5ms)[0m  [1m[34mSELECT "recipe_foods".* FROM "recipe_foods" WHERE "recipe_foods"."recipe_id" = $1[0m  [["recipe_id", 3]]
  ↳ app/models/recipe.rb:17:in `total_items'
  [1m[36mCACHE RecipeFood Load (0.0ms)[0m  [1m[34mSELECT "recipe_foods".* FROM "recipe_foods" WHERE "recipe_foods"."recipe_id" = $1[0m  [["recipe_id", 3]]
  ↳ app/models/recipe.rb:8:in `total_price'
  Rendered recipes/public.html.erb within layouts/application (Duration: 90.0ms | Allocations: 5064)
  Rendered layout layouts/application.html.erb (Duration: 234.0ms | Allocations: 9492)
Completed 200 OK in 241ms (Views: 232.4ms | ActiveRecord: 3.2ms | Allocations: 9816)


  [1m[36mUser Load (16.9ms)[0m  [1m[34mSELECT "users".* FROM "users" ORDER BY "users"."id" DESC LIMIT $1[0m  [["LIMIT", 1]]
  [1m[36mRecipe Load (9.9ms)[0m  [1m[34mSELECT "recipes".* FROM "recipes" WHERE "recipes"."user_id" = $1[0m  [["user_id", 2]]
Started GET "/" for 127.0.0.1 at 2023-02-08 12:26:46 -0300
Processing by RecipesController#public as HTML
  Rendering layout layouts/application.html.erb
  Rendering recipes/public.html.erb within layouts/application
  [1m[36mRecipe Load (1.0ms)[0m  [1m[34mSELECT "recipes".* FROM "recipes" WHERE "recipes"."public" = $1[0m  [["public", true]]
  ↳ app/views/recipes/public.html.erb:2
  [1m[36mRecipeFood Load (1.7ms)[0m  [1m[34mSELECT "recipe_foods".* FROM "recipe_foods" WHERE "recipe_foods"."recipe_id" IN ($1, $2)[0m  [["recipe_id", 2], ["recipe_id", 3]]
  ↳ app/views/recipes/public.html.erb:2
  [1m[36mUser Load (1.9ms)[0m  [1m[34mSELECT "users".* FROM "users" WHERE "users"."id" IN ($1, $2)[0m  [["id", 1], ["id", 2]]
  ↳ app/views/recipes/public.html.erb:2
  [1m[36mRecipeFood Load (0.6ms)[0m  [1m[34mSELECT "recipe_foods".* FROM "recipe_foods" WHERE "recipe_foods"."recipe_id" = $1[0m  [["recipe_id", 2]]
  ↳ app/models/recipe.rb:17:in `total_items'
  [1m[36mCACHE RecipeFood Load (0.0ms)[0m  [1m[34mSELECT "recipe_foods".* FROM "recipe_foods" WHERE "recipe_foods"."recipe_id" = $1[0m  [["recipe_id", 2]]
  ↳ app/models/recipe.rb:8:in `total_price'
  [1m[36mRecipeFood Load (0.8ms)[0m  [1m[34mSELECT "recipe_foods".* FROM "recipe_foods" WHERE "recipe_foods"."recipe_id" = $1[0m  [["recipe_id", 3]]
  ↳ app/models/recipe.rb:17:in `total_items'
  [1m[36mCACHE RecipeFood Load (0.0ms)[0m  [1m[34mSELECT "recipe_foods".* FROM "recipe_foods" WHERE "recipe_foods"."recipe_id" = $1[0m  [["recipe_id", 3]]
  ↳ app/models/recipe.rb:8:in `total_price'
  Rendered recipes/public.html.erb within layouts/application (Duration: 46.6ms | Allocations: 12927)
  Rendered layout layouts/application.html.erb (Duration: 106.2ms | Allocations: 30395)
Completed 200 OK in 341ms (Views: 103.3ms | ActiveRecord: 18.8ms | Allocations: 36043)


